Determining if the pthread_create exist failed with the following output:
Change Dir: /home/isaac/KDYCV/build/CMakeFiles/CMakeTmp

Run Build Command:"/usr/bin/make" "cmTC_c7a1b/fast"
/usr/bin/make -f CMakeFiles/cmTC_c7a1b.dir/build.make CMakeFiles/cmTC_c7a1b.dir/build
make[1]: Entering directory '/home/isaac/KDYCV/build/CMakeFiles/CMakeTmp'
Building CXX object CMakeFiles/cmTC_c7a1b.dir/CheckSymbolExists.cxx.o
/usr/bin/g++    -g -O0 -fPIC    -std=c++14 -o CMakeFiles/cmTC_c7a1b.dir/CheckSymbolExists.cxx.o -c /home/isaac/KDYCV/build/CMakeFiles/CMakeTmp/CheckSymbolExists.cxx
Linking CXX executable cmTC_c7a1b
/usr/bin/cmake -E cmake_link_script CMakeFiles/cmTC_c7a1b.dir/link.txt --verbose=1
/usr/bin/g++  -g -O0 -fPIC     CMakeFiles/cmTC_c7a1b.dir/CheckSymbolExists.cxx.o  -o cmTC_c7a1b 
CMakeFiles/cmTC_c7a1b.dir/CheckSymbolExists.cxx.o: In function `main':
/home/isaac/KDYCV/build/CMakeFiles/CMakeTmp/CheckSymbolExists.cxx:8: undefined reference to `pthread_create'
collect2: error: ld returned 1 exit status
CMakeFiles/cmTC_c7a1b.dir/build.make:97: recipe for target 'cmTC_c7a1b' failed
make[1]: *** [cmTC_c7a1b] Error 1
make[1]: Leaving directory '/home/isaac/KDYCV/build/CMakeFiles/CMakeTmp'
Makefile:126: recipe for target 'cmTC_c7a1b/fast' failed
make: *** [cmTC_c7a1b/fast] Error 2

File /home/isaac/KDYCV/build/CMakeFiles/CMakeTmp/CheckSymbolExists.cxx:
/* */
#include <pthread.h>

int main(int argc, char** argv)
{
  (void)argv;
#ifndef pthread_create
  return ((int*)(&pthread_create))[argc];
#else
  (void)argc;
  return 0;
#endif
}

Determining if the function pthread_create exists in the pthreads failed with the following output:
Change Dir: /home/isaac/KDYCV/build/CMakeFiles/CMakeTmp

Run Build Command:"/usr/bin/make" "cmTC_08db7/fast"
/usr/bin/make -f CMakeFiles/cmTC_08db7.dir/build.make CMakeFiles/cmTC_08db7.dir/build
make[1]: Entering directory '/home/isaac/KDYCV/build/CMakeFiles/CMakeTmp'
Building CXX object CMakeFiles/cmTC_08db7.dir/CheckFunctionExists.cxx.o
/usr/bin/g++    -g -O0 -fPIC -DCHECK_FUNCTION_EXISTS=pthread_create   -std=c++14 -o CMakeFiles/cmTC_08db7.dir/CheckFunctionExists.cxx.o -c /home/isaac/KDYCV/build/CMakeFiles/CheckLibraryExists/CheckFunctionExists.cxx
Linking CXX executable cmTC_08db7
/usr/bin/cmake -E cmake_link_script CMakeFiles/cmTC_08db7.dir/link.txt --verbose=1
/usr/bin/g++  -g -O0 -fPIC -DCHECK_FUNCTION_EXISTS=pthread_create    CMakeFiles/cmTC_08db7.dir/CheckFunctionExists.cxx.o  -o cmTC_08db7 -lpthreads 
/usr/bin/ld: cannot find -lpthreads
collect2: error: ld returned 1 exit status
CMakeFiles/cmTC_08db7.dir/build.make:97: recipe for target 'cmTC_08db7' failed
make[1]: *** [cmTC_08db7] Error 1
make[1]: Leaving directory '/home/isaac/KDYCV/build/CMakeFiles/CMakeTmp'
Makefile:126: recipe for target 'cmTC_08db7/fast' failed
make: *** [cmTC_08db7/fast] Error 2


